[33m❯[39m Building...
[32m✔[39m Building...
[1mInitial chunk files[22m[2m | [22m[1mNames[22m                      [2m | [22m [1mRaw size[22m
[32mmain.js[39m            [2m | [22m[2mmain[22m                       [2m | [22m [36m55.29 kB[39m[2m | [22m
[32mstyles.css[39m         [2m | [22m[2mstyles[22m                     [2m | [22m [36m33.81 kB[39m[2m | [22m
[32mchunk-RVJBHRTK.js[39m  [2m | [22m[2m-[22m                          [2m | [22m  [36m3.75 kB[39m[2m | [22m
[32mchunk-VP2E4XHJ.js[39m  [2m | [22m[2m-[22m                          [2m | [22m  [36m3.45 kB[39m[2m | [22m
[32mchunk-CNUJLNLB.js[39m  [2m | [22m[2m-[22m                          [2m | [22m  [36m2.06 kB[39m[2m | [22m
[32mchunk-BEI5JPYO.js[39m  [2m | [22m[2m-[22m                          [2m | [22m  [36m1.88 kB[39m[2m | [22m
[32mchunk-NLZFDTVY.js[39m  [2m | [22m[2m-[22m                          [2m | [22m  [36m1.86 kB[39m[2m | [22m
[32mchunk-LJ3JYJI6.js[39m  [2m | [22m[2m-[22m                          [2m | [22m  [36m1.07 kB[39m[2m | [22m
[32mchunk-VUJOFXKG.js[39m  [2m | [22m[2m-[22m                          [2m | [22m[36m938 bytes[39m[2m | [22m

[1m [22m                  [2m | [22m[1mInitial total[22m              [2m | [22m[1m104.11 kB[22m

[1mLazy chunk files[22m   [2m | [22m[1mNames[22m                      [2m | [22m [1mRaw size[22m
[32mchunk-URKGWLBJ.js[39m  [2m | [22m[2mcaregiver-onboarding-page[22m  [2m | [22m [36m54.82 kB[39m[2m | [22m
[32mchunk-P7OYPRRF.js[39m  [2m | [22m[2mpatient-record-page[22m        [2m | [22m [36m48.30 kB[39m[2m | [22m
[32mchunk-DB4WYWSG.js[39m  [2m | [22m[2mpatients-page[22m              [2m | [22m [36m44.60 kB[39m[2m | [22m
[32mchunk-GXNBSMAY.js[39m  [2m | [22m[2madmin-caregiver-detail-page[22m[2m | [22m [36m43.90 kB[39m[2m | [22m
[32mchunk-VOYEBKOH.js[39m  [2m | [22m[2mrequest-wizard-page[22m        [2m | [22m [36m39.38 kB[39m[2m | [22m
[32mchunk-MEPALTJT.js[39m  [2m | [22m[2mmarketplace-page[22m           [2m | [22m [36m31.83 kB[39m[2m | [22m
[32mchunk-VST4H2HG.js[39m  [2m | [22m[2mcaregiver-profile-edit-page[22m[2m | [22m [36m31.72 kB[39m[2m | [22m
[32mchunk-P2OY7D6W.js[39m  [2m | [22m[2mpatient-quarantine-page[22m    [2m | [22m [36m30.23 kB[39m[2m | [22m
[32mchunk-I4FTJTWA.js[39m  [2m | [22m[2mpatient-register-page[22m      [2m | [22m [36m26.67 kB[39m[2m | [22m
[32mchunk-V2I5QBRA.js[39m  [2m | [22m[2mcaregiver-detail-page[22m      [2m | [22m [36m25.88 kB[39m[2m | [22m
[32mchunk-RRE5WEXC.js[39m  [2m | [22m[2mcaregiver-inbox-page[22m       [2m | [22m [36m23.88 kB[39m[2m | [22m
[32mchunk-3S5WRKJS.js[39m  [2m | [22m[2mpatient-history-page[22m       [2m | [22m [36m23.54 kB[39m[2m | [22m
[32mchunk-OT4VODZG.js[39m  [2m | [22m[2mpatient-charts-page[22m        [2m | [22m [36m22.71 kB[39m[2m | [22m
[32mchunk-I7HZEBBR.js[39m  [2m | [22m[2minvite-landing-page[22m        [2m | [22m [36m21.41 kB[39m[2m | [22m
[32mchunk-KH5FCRCB.js[39m  [2m | [22m[2madmin-caregivers-page[22m      [2m | [22m [36m20.90 kB[39m[2m | [22m
[2m...and 26 more lazy chunks files. Use "--verbose" to show all the files.[22m

Application bundle generation complete. [4.004 seconds] - 2026-07-22T23:58:17.394Z

Watch mode enabled. Watching for file changes...
NOTE: Raw file sizes do not reflect development server per-request transformations.
  [32m➜[39m  [1mLocal[22m:   [36mhttp://127.0.0.1:[1m4202[22m/[39m
[33m❯[39m Changes detected. Rebuilding...
[32m✔[39m Changes detected. Rebuilding...
[1mInitial chunk files[22m[2m | [22m[1mNames[22m [2m | [22m[1mRaw size[22m
[32mstyles.css[39m         [2m | [22m[2mstyles[22m[2m | [22m[36m33.81 kB[39m[2m | [22m

Application bundle generation complete. [0.124 seconds] - 2026-07-23T00:01:15.703Z

Stylesheet update sent to client(s).
[33m❯[39m Changes detected. Rebuilding...
[32m✔[39m Changes detected. Rebuilding...
[1mInitial chunk files[22m[2m | [22m[1mNames[22m                      [2m | [22m [1mRaw size[22m
[32mmain.js[39m            [2m | [22m[2mmain[22m                       [2m | [22m [36m55.29 kB[39m[2m | [22m
[32mstyles.css[39m         [2m | [22m[2mstyles[22m                     [2m | [22m [36m33.81 kB[39m[2m | [22m
[32mchunk-RVJBHRTK.js[39m  [2m | [22m[2m-[22m                          [2m | [22m  [36m3.75 kB[39m[2m | [22m
[32mchunk-VP2E4XHJ.js[39m  [2m | [22m[2m-[22m                          [2m | [22m  [36m3.45 kB[39m[2m | [22m
[32mchunk-CNUJLNLB.js[39m  [2m | [22m[2m-[22m                          [2m | [22m  [36m2.06 kB[39m[2m | [22m
[32mchunk-BEI5JPYO.js[39m  [2m | [22m[2m-[22m                          [2m | [22m  [36m1.88 kB[39m[2m | [22m
[32mchunk-NLZFDTVY.js[39m  [2m | [22m[2m-[22m                          [2m | [22m  [36m1.86 kB[39m[2m | [22m
[32mchunk-LJ3JYJI6.js[39m  [2m | [22m[2m-[22m                          [2m | [22m  [36m1.07 kB[39m[2m | [22m
[32mchunk-VUJOFXKG.js[39m  [2m | [22m[2m-[22m                          [2m | [22m[36m938 bytes[39m[2m | [22m

[1m [22m                  [2m | [22m[1mInitial total[22m              [2m | [22m[1m104.11 kB[22m

[1mLazy chunk files[22m   [2m | [22m[1mNames[22m                      [2m | [22m [1mRaw size[22m
[32mchunk-URKGWLBJ.js[39m  [2m | [22m[2mcaregiver-onboarding-page[22m  [2m | [22m [36m54.82 kB[39m[2m | [22m
[32mchunk-P7OYPRRF.js[39m  [2m | [22m[2mpatient-record-page[22m        [2m | [22m [36m48.30 kB[39m[2m | [22m
[32mchunk-DB4WYWSG.js[39m  [2m | [22m[2mpatients-page[22m              [2m | [22m [36m44.60 kB[39m[2m | [22m
[32mchunk-GXNBSMAY.js[39m  [2m | [22m[2madmin-caregiver-detail-page[22m[2m | [22m [36m43.90 kB[39m[2m | [22m
[32mchunk-VOYEBKOH.js[39m  [2m | [22m[2mrequest-wizard-page[22m        [2m | [22m [36m39.38 kB[39m[2m | [22m
[32mchunk-MEPALTJT.js[39m  [2m | [22m[2mmarketplace-page[22m           [2m | [22m [36m31.83 kB[39m[2m | [22m
[32mchunk-VST4H2HG.js[39m  [2m | [22m[2mcaregiver-profile-edit-page[22m[2m | [22m [36m31.72 kB[39m[2m | [22m
[32mchunk-P2OY7D6W.js[39m  [2m | [22m[2mpatient-quarantine-page[22m    [2m | [22m [36m30.23 kB[39m[2m | [22m
[32mchunk-I4FTJTWA.js[39m  [2m | [22m[2mpatient-register-page[22m      [2m | [22m [36m26.67 kB[39m[2m | [22m
[32mchunk-V2I5QBRA.js[39m  [2m | [22m[2mcaregiver-detail-page[22m      [2m | [22m [36m25.88 kB[39m[2m | [22m
[32mchunk-RRE5WEXC.js[39m  [2m | [22m[2mcaregiver-inbox-page[22m       [2m | [22m [36m23.88 kB[39m[2m | [22m
[32mchunk-3S5WRKJS.js[39m  [2m | [22m[2mpatient-history-page[22m       [2m | [22m [36m23.54 kB[39m[2m | [22m
[32mchunk-OT4VODZG.js[39m  [2m | [22m[2mpatient-charts-page[22m        [2m | [22m [36m22.71 kB[39m[2m | [22m
[32mchunk-I7HZEBBR.js[39m  [2m | [22m[2minvite-landing-page[22m        [2m | [22m [36m21.41 kB[39m[2m | [22m
[32mchunk-KH5FCRCB.js[39m  [2m | [22m[2madmin-caregivers-page[22m      [2m | [22m [36m20.90 kB[39m[2m | [22m
[2m...and 26 more lazy chunks files. Use "--verbose" to show all the files.[22m

Application bundle generation complete. [0.066 seconds] - 2026-07-23T00:01:18.432Z

